<?xml version="1.0" encoding="UTF-8"?>
<!-- Generated by org.testng.reporters.JUnitXMLReporter -->
<testsuite ignored="0" hostname="GK2206L17" failures="0" tests="5" name="Run Class Annotations" time="23.55" errors="0" timestamp="2023-03-09T11:04:14 ICT">
  <testcase classname="LoginPageTest" name="loginInvalidUsername" time="0.518"/>
  <testcase classname="LoginPageTest" name="loginSessionOver" time="0.447"/>
  <testcase classname="LoginPageTest" name="loginSuccess" time="0.382"/>
  <testcase classname="LoginPageTest" name="loginSuccessProblemUser" time="0.363"/>
  <testcase classname="LoginPageTest" name="loginSuccessSlowConnection" time="5.328"/>
</testsuite> <!-- Run Class Annotations -->
