<?xml version="1.0" encoding="UTF-8"?>
<testng-results ignored="0" total="5" passed="5" failed="0" skipped="0">
  <reporter-output>
  </reporter-output>
  <suite started-at="2023-03-09T11:03:51 ICT" name="Regression Test" finished-at="2023-03-09T11:04:14 ICT" duration-ms="23550">
    <groups>
    </groups>
    <test started-at="2023-03-09T11:03:51 ICT" name="Run Class Annotations" finished-at="2023-03-09T11:04:14 ICT" duration-ms="23550">
      <class name="LoginPageTest">
        <test-method is-config="true" signature="setUp()[pri:0, instance:LoginPageTest@506ae4d4]" started-at="2023-03-09T11:03:51 ICT" name="setUp" finished-at="2023-03-09T11:03:55 ICT" duration-ms="3916" status="PASS">
          <reporter-output>
          </reporter-output>
        </test-method> <!-- setUp -->
        <test-method signature="loginInvalidUsername()[pri:0, instance:LoginPageTest@506ae4d4]" started-at="2023-03-09T11:03:55 ICT" name="loginInvalidUsername" finished-at="2023-03-09T11:03:55 ICT" duration-ms="518" status="PASS">
          <reporter-output>
          </reporter-output>
        </test-method> <!-- loginInvalidUsername -->
        <test-method is-config="true" signature="tearDown()[pri:0, instance:LoginPageTest@506ae4d4]" started-at="2023-03-09T11:03:55 ICT" name="tearDown" finished-at="2023-03-09T11:03:56 ICT" duration-ms="942" status="PASS">
          <reporter-output>
          </reporter-output>
        </test-method> <!-- tearDown -->
        <test-method is-config="true" signature="setUp()[pri:0, instance:LoginPageTest@506ae4d4]" started-at="2023-03-09T11:03:56 ICT" name="setUp" finished-at="2023-03-09T11:03:59 ICT" duration-ms="2504" status="PASS">
          <reporter-output>
          </reporter-output>
        </test-method> <!-- setUp -->
        <test-method signature="loginSessionOver()[pri:0, instance:LoginPageTest@506ae4d4]" started-at="2023-03-09T11:03:59 ICT" name="loginSessionOver" finished-at="2023-03-09T11:03:59 ICT" duration-ms="447" status="PASS">
          <reporter-output>
          </reporter-output>
        </test-method> <!-- loginSessionOver -->
        <test-method is-config="true" signature="tearDown()[pri:0, instance:LoginPageTest@506ae4d4]" started-at="2023-03-09T11:03:59 ICT" name="tearDown" finished-at="2023-03-09T11:04:00 ICT" duration-ms="814" status="PASS">
          <reporter-output>
          </reporter-output>
        </test-method> <!-- tearDown -->
        <test-method is-config="true" signature="setUp()[pri:0, instance:LoginPageTest@506ae4d4]" started-at="2023-03-09T11:04:00 ICT" name="setUp" finished-at="2023-03-09T11:04:02 ICT" duration-ms="2528" status="PASS">
          <reporter-output>
          </reporter-output>
        </test-method> <!-- setUp -->
        <test-method signature="loginSuccess()[pri:0, instance:LoginPageTest@506ae4d4]" started-at="2023-03-09T11:04:02 ICT" name="loginSuccess" finished-at="2023-03-09T11:04:03 ICT" duration-ms="382" status="PASS">
          <reporter-output>
          </reporter-output>
        </test-method> <!-- loginSuccess -->
        <test-method is-config="true" signature="tearDown()[pri:0, instance:LoginPageTest@506ae4d4]" started-at="2023-03-09T11:04:03 ICT" name="tearDown" finished-at="2023-03-09T11:04:04 ICT" duration-ms="741" status="PASS">
          <reporter-output>
          </reporter-output>
        </test-method> <!-- tearDown -->
        <test-method is-config="true" signature="setUp()[pri:0, instance:LoginPageTest@506ae4d4]" started-at="2023-03-09T11:04:04 ICT" name="setUp" finished-at="2023-03-09T11:04:05 ICT" duration-ms="1895" status="PASS">
          <reporter-output>
          </reporter-output>
        </test-method> <!-- setUp -->
        <test-method signature="loginSuccessProblemUser()[pri:0, instance:LoginPageTest@506ae4d4]" started-at="2023-03-09T11:04:05 ICT" name="loginSuccessProblemUser" finished-at="2023-03-09T11:04:06 ICT" duration-ms="363" status="PASS">
          <reporter-output>
          </reporter-output>
        </test-method> <!-- loginSuccessProblemUser -->
        <test-method is-config="true" signature="tearDown()[pri:0, instance:LoginPageTest@506ae4d4]" started-at="2023-03-09T11:04:06 ICT" name="tearDown" finished-at="2023-03-09T11:04:07 ICT" duration-ms="736" status="PASS">
          <reporter-output>
          </reporter-output>
        </test-method> <!-- tearDown -->
        <test-method is-config="true" signature="setUp()[pri:0, instance:LoginPageTest@506ae4d4]" started-at="2023-03-09T11:04:07 ICT" name="setUp" finished-at="2023-03-09T11:04:08 ICT" duration-ms="1749" status="PASS">
          <reporter-output>
          </reporter-output>
        </test-method> <!-- setUp -->
        <test-method signature="loginSuccessSlowConnection()[pri:0, instance:LoginPageTest@506ae4d4]" started-at="2023-03-09T11:04:08 ICT" name="loginSuccessSlowConnection" finished-at="2023-03-09T11:04:14 ICT" duration-ms="5328" status="PASS">
          <reporter-output>
          </reporter-output>
        </test-method> <!-- loginSuccessSlowConnection -->
        <test-method is-config="true" signature="tearDown()[pri:0, instance:LoginPageTest@506ae4d4]" started-at="2023-03-09T11:04:14 ICT" name="tearDown" finished-at="2023-03-09T11:04:14 ICT" duration-ms="639" status="PASS">
          <reporter-output>
          </reporter-output>
        </test-method> <!-- tearDown -->
      </class> <!-- LoginPageTest -->
    </test> <!-- Run Class Annotations -->
  </suite> <!-- Regression Test -->
</testng-results>
